{"meta": {"version": "6.5.0", "timestamp": "2024-02-04T14:50:38.538218", "branch_coverage": false, "show_contexts": false}, "files": {"code_kata_test.py": {"executed_lines": [1, 3, 4, 6, 7], "summary": {"covered_lines": 5, "num_statements": 5, "percent_covered": 100.0, "percent_covered_display": "100", "missing_lines": 0, "excluded_lines": 0}, "missing_lines": [], "excluded_lines": []}, "main.py": {"executed_lines": [1, 5, 6], "summary": {"covered_lines": 2, "num_statements": 2, "percent_covered": 100.0, "percent_covered_display": "100", "missing_lines": 0, "excluded_lines": 0}, "missing_lines": [], "excluded_lines": []}}, "totals": {"covered_lines": 7, "num_statements": 7, "percent_covered": 100.0, "percent_covered_display": "100", "missing_lines": 0, "excluded_lines": 0}}